<?xml version="1.0" encoding="UTF-8"?>
<testsuite xmlns:xsi="http://www.w3.org/2001/XMLSchema-instance" xsi:noNamespaceSchemaLocation="https://maven.apache.org/surefire/maven-surefire-plugin/xsd/surefire-test-report.xsd" version="3.0.2" name="com.secassist.policy.PolicyEngineTest" time="0.008" tests="8" errors="0" skipped="0" failures="0">
  <properties>
[...]
</properties>
  <testcase name="securityAnalystCanUseAllTools" classname="com.secassist.policy.PolicyEngineTest" time="0.001"/>
  <testcase name="unknownToolIsRejected" classname="com.secassist.policy.PolicyEngineTest" time="0.001"/>
  <testcase name="contractorCannotUseWorkflowTools" classname="com.secassist.policy.PolicyEngineTest" time="0.0"/>
  <testcase name="employeeCanAccessPublicAndInternalDocuments" classname="com.secassist.policy.PolicyEngineTest" time="0.001"/>
  <testcase name="contractorCanViewEvidence" classname="com.secassist.policy.PolicyEngineTest" time="0.001"/>
  <testcase name="securityAnalystCanAccessAllClassifications" classname="com.secassist.policy.PolicyEngineTest" time="0.0"/>
  <testcase name="employeeCanCreateHandoverButNotMarkFalsePositive" classname="com.secassist.policy.PolicyEngineTest" time="0.0"/>
  <testcase name="contractorCanOnlyAccessPublicDocuments" classname="com.secassist.policy.PolicyEngineTest" time="0.001"/>
</testsuite>